Added Component: Designator=*1(SW bapbenh)
Add component. Clean all parameters for all variants
Added Component: Designator=*(BOX_LCD1602_3Button)
Add component. Clean all parameters for all variants
Added Component: Designator=A1(Arduino Nano)
Add component. Clean all parameters for all variants
Added Component: Designator=C1(CP1.5/3.4)
Add component. Clean all parameters for all variants
Add component (AddParameter): Name = "Description 1"; Value = "2200uF-3300uF/6,3V - 1000uF-2200uF/10V"; VariantName = "[No Variations]"
Add component (AddParameter): Name = "Description 2"; Value = "1000uF/16V - 470uF => 1000uF/25V - 100uF/100V"; VariantName = "[No Variations]"
Add component (AddParameter): Name = "Description 3"; Value = "330uF>470uF/35V_220uF>470uF/50V_10uF>22uF/250V"; VariantName = "[No Variations]"
Add component (AddParameter): Name = "Description 4"; Value = "220uF => 330uF/63V - 10uF =>33uF/160 - 200V"; VariantName = "[No Variations]"
Add component (AddParameter): Name = "Description 5"; Value = "4,7uF>10uF/250V_3,3uF>10uF/400V - 2,2uF>4,7uF/450V"; VariantName = "[No Variations]"
Add component (AddParameter): Name = "Value"; Value = "1000uF/16V"; VariantName = "[No Variations]"
Added Component: Designator=C2(CP1.5/3.4)
Add component. Clean all parameters for all variants
Add component (AddParameter): Name = "Description 1"; Value = "2200uF-3300uF/6,3V - 1000uF-2200uF/10V"; VariantName = "[No Variations]"
Add component (AddParameter): Name = "Description 2"; Value = "1000uF/16V - 470uF => 1000uF/25V - 100uF/100V"; VariantName = "[No Variations]"
Add component (AddParameter): Name = "Description 3"; Value = "330uF>470uF/35V_220uF>470uF/50V_10uF>22uF/250V"; VariantName = "[No Variations]"
Add component (AddParameter): Name = "Description 4"; Value = "220uF => 330uF/63V - 10uF =>33uF/160 - 200V"; VariantName = "[No Variations]"
Add component (AddParameter): Name = "Description 5"; Value = "4,7uF>10uF/250V_3,3uF>10uF/400V - 2,2uF>4,7uF/450V"; VariantName = "[No Variations]"
Add component (AddParameter): Name = "Value"; Value = "1000uF/16V"; VariantName = "[No Variations]"
Added Component: Designator=C3(SM-0805)
Add component. Clean all parameters for all variants
Add component (AddParameter): Name = "Value"; Value = "103"; VariantName = "[No Variations]"
Added Component: Designator=J1(KF2-3.5)
Add component. Clean all parameters for all variants
Add component (AddParameter): Name = "ComponentLink1 Description"; Value = "Manufacturer"; VariantName = "[No Variations]"
Add component (AddParameter): Name = "ComponentLink1URL"; Value = "http://www.we-online.com"; VariantName = "[No Variations]"
Add component (AddParameter): Name = "ComponentLink2 Description"; Value = "Datasheet"; VariantName = "[No Variations]"
Add component (AddParameter): Name = "ComponentLink2URL"; Value = "http://katalog.we-online.de/em/datasheet/6911031100xx.pdf"; VariantName = "[No Variations]"
Add component (AddParameter): Name = "Created by"; Value = "Karrer Zheng"; VariantName = "[No Variations]"
Add component (AddParameter): Name = "Created Date"; Value = "29 October 2013"; VariantName = "[No Variations]"
Add component (AddParameter): Name = "Manufacturer"; Value = "Würth Elektronik eiSos GmbH"; VariantName = "[No Variations]"
Add component (AddParameter): Name = "NoPins"; Value = "2"; VariantName = "[No Variations]"
Add component (AddParameter): Name = "partNo"; Value = "691103110002"; VariantName = "[No Variations]"
Added Component: Designator=J2(KF2-3.5)
Add component. Clean all parameters for all variants
Add component (AddParameter): Name = "ComponentLink1 Description"; Value = "Manufacturer"; VariantName = "[No Variations]"
Add component (AddParameter): Name = "ComponentLink1URL"; Value = "http://www.we-online.com"; VariantName = "[No Variations]"
Add component (AddParameter): Name = "ComponentLink2 Description"; Value = "Datasheet"; VariantName = "[No Variations]"
Add component (AddParameter): Name = "ComponentLink2URL"; Value = "http://katalog.we-online.de/em/datasheet/6911031100xx.pdf"; VariantName = "[No Variations]"
Add component (AddParameter): Name = "Created by"; Value = "Karrer Zheng"; VariantName = "[No Variations]"
Add component (AddParameter): Name = "Created Date"; Value = "29 October 2013"; VariantName = "[No Variations]"
Add component (AddParameter): Name = "Manufacturer"; Value = "Würth Elektronik eiSos GmbH"; VariantName = "[No Variations]"
Add component (AddParameter): Name = "NoPins"; Value = "2"; VariantName = "[No Variations]"
Add component (AddParameter): Name = "partNo"; Value = "691103110002"; VariantName = "[No Variations]"
Added Component: Designator=J3(KF3-5.08)
Add component. Clean all parameters for all variants
Add component (AddParameter): Name = "ComponentLink1 Description"; Value = "Manufacturer"; VariantName = "[No Variations]"
Add component (AddParameter): Name = "ComponentLink1URL"; Value = "http://www.we-online.com"; VariantName = "[No Variations]"
Add component (AddParameter): Name = "ComponentLink2 Description"; Value = "Datasheet"; VariantName = "[No Variations]"
Add component (AddParameter): Name = "ComponentLink2URL"; Value = "http://katalog.we-online.de/em/datasheet/6911031100xx.pdf"; VariantName = "[No Variations]"
Add component (AddParameter): Name = "Created by"; Value = "Karrer Zheng"; VariantName = "[No Variations]"
Add component (AddParameter): Name = "Created Date"; Value = "29 October 2013"; VariantName = "[No Variations]"
Add component (AddParameter): Name = "Manufacturer"; Value = "Würth Elektronik eiSos GmbH"; VariantName = "[No Variations]"
Add component (AddParameter): Name = "NoPins"; Value = "3"; VariantName = "[No Variations]"
Add component (AddParameter): Name = "partNo"; Value = "691103110003"; VariantName = "[No Variations]"
Added Component: Designator=J4(KF3-5.08)
Add component. Clean all parameters for all variants
Add component (AddParameter): Name = "ComponentLink1 Description"; Value = "Manufacturer"; VariantName = "[No Variations]"
Add component (AddParameter): Name = "ComponentLink1URL"; Value = "http://www.we-online.com"; VariantName = "[No Variations]"
Add component (AddParameter): Name = "ComponentLink2 Description"; Value = "Datasheet"; VariantName = "[No Variations]"
Add component (AddParameter): Name = "ComponentLink2URL"; Value = "http://katalog.we-online.de/em/datasheet/6911031100xx.pdf"; VariantName = "[No Variations]"
Add component (AddParameter): Name = "Created by"; Value = "Karrer Zheng"; VariantName = "[No Variations]"
Add component (AddParameter): Name = "Created Date"; Value = "29 October 2013"; VariantName = "[No Variations]"
Add component (AddParameter): Name = "Manufacturer"; Value = "Würth Elektronik eiSos GmbH"; VariantName = "[No Variations]"
Add component (AddParameter): Name = "NoPins"; Value = "3"; VariantName = "[No Variations]"
Add component (AddParameter): Name = "partNo"; Value = "691103110003"; VariantName = "[No Variations]"
Added Component: Designator=JDC1(DC0)
Add component. Clean all parameters for all variants
Added Component: Designator=Q1(TO92-123)
Add component. Clean all parameters for all variants
Add component (AddParameter): Name = ""; Value = "C2383"; VariantName = "[No Variations]"
Add component (AddParameter): Name = "Value"; Value = "C1815"; VariantName = "[No Variations]"
Added Component: Designator=Q2(TO92-123)
Add component. Clean all parameters for all variants
Add component (AddParameter): Name = ""; Value = "C2383"; VariantName = "[No Variations]"
Add component (AddParameter): Name = "Value"; Value = "C1815"; VariantName = "[No Variations]"
Added Component: Designator=Q3(TO252-123)
Add component. Clean all parameters for all variants
Add component (AddParameter): Name = "Value"; Value = "IRF840"; VariantName = "[No Variations]"
Added Component: Designator=Q4(TO252-123)
Add component. Clean all parameters for all variants
Add component (AddParameter): Name = "Value"; Value = "IRF840"; VariantName = "[No Variations]"
Added Component: Designator=Q5(TO92-123)
Add component. Clean all parameters for all variants
Add component (AddParameter): Name = ""; Value = "A1013"; VariantName = "[No Variations]"
Add component (AddParameter): Name = "Value"; Value = "A1015"; VariantName = "[No Variations]"
Added Component: Designator=Q6(TO92-123)
Add component. Clean all parameters for all variants
Add component (AddParameter): Name = ""; Value = "A1013"; VariantName = "[No Variations]"
Add component (AddParameter): Name = "Value"; Value = "A1015"; VariantName = "[No Variations]"
Added Component: Designator=R1(SM-RES-0805)
Add component. Clean all parameters for all variants
Add component (AddParameter): Name = "Value"; Value = "R1/4W - 1K"; VariantName = "[No Variations]"
Added Component: Designator=R2(SM-RES-0805)
Add component. Clean all parameters for all variants
Add component (AddParameter): Name = "Value"; Value = "R1/4W - 1K"; VariantName = "[No Variations]"
Added Component: Designator=R3(SM-RES-0805)
Add component. Clean all parameters for all variants
Add component (AddParameter): Name = "Value"; Value = "R1/4W - 1K"; VariantName = "[No Variations]"
Added Component: Designator=R4(SM-RES-0805)
Add component. Clean all parameters for all variants
Add component (AddParameter): Name = "Value"; Value = "R1/4W - 1K"; VariantName = "[No Variations]"
Added Component: Designator=R5(SM-RES-0805)
Add component. Clean all parameters for all variants
Add component (AddParameter): Name = "Value"; Value = "R1/4W - 1K"; VariantName = "[No Variations]"
Added Component: Designator=R6(SM-RES-0805)
Add component. Clean all parameters for all variants
Add component (AddParameter): Name = "Value"; Value = "R1/4W - 1K"; VariantName = "[No Variations]"
Added Component: Designator=R8(SM-RES-0805)
Add component. Clean all parameters for all variants
Add component (AddParameter): Name = "Value"; Value = "R1/4W - 1K"; VariantName = "[No Variations]"
Added Component: Designator=U1(TO252-123)
Add component. Clean all parameters for all variants
Added Component: Designator=VR1(VR-S2)
Add component. Clean all parameters for all variants
Added Pin To Net: NetName=12V Pin=*1-2
Added Pin To Net: NetName=12V Pin=A1-29
Added Pin To Net: NetName=12V Pin=C1-1
Added Pin To Net: NetName=12V Pin=J1-1
Added Pin To Net: NetName=12V Pin=J2-1
Added Pin To Net: NetName=12V Pin=U1-1
Added Net: Name=12V
Added Pin To Net: NetName=DS18B20_IN Pin=A1-12
Added Pin To Net: NetName=DS18B20_IN Pin=J3-2
Added Pin To Net: NetName=DS18B20_IN Pin=R5-1
Added Net: Name=DS18B20_IN
Added Pin To Net: NetName=DS18B20_OUT Pin=A1-13
Added Pin To Net: NetName=DS18B20_OUT Pin=J4-2
Added Pin To Net: NetName=DS18B20_OUT Pin=R6-1
Added Net: Name=DS18B20_OUT
Added Pin To Net: NetName=FAN Pin=Q2-2
Added Pin To Net: NetName=FAN Pin=Q6-2
Added Pin To Net: NetName=FAN Pin=R4-2
Added Net: Name=FAN
Added Pin To Net: NetName=GND Pin=*-1
Added Pin To Net: NetName=GND Pin=*-1
Added Pin To Net: NetName=GND Pin=*-1
Added Pin To Net: NetName=GND Pin=*-1
Added Pin To Net: NetName=GND Pin=*-1
Added Pin To Net: NetName=GND Pin=*-5
Added Pin To Net: NetName=GND Pin=*-16
Added Pin To Net: NetName=GND Pin=*-20
Added Pin To Net: NetName=GND Pin=*-22
Added Pin To Net: NetName=GND Pin=*-23
Added Pin To Net: NetName=GND Pin=*-24
Added Pin To Net: NetName=GND Pin=*-25
Added Pin To Net: NetName=GND Pin=*-26
Added Pin To Net: NetName=GND Pin=A1-28
Added Pin To Net: NetName=GND Pin=C1-2
Added Pin To Net: NetName=GND Pin=C2-2
Added Pin To Net: NetName=GND Pin=C3-2
Added Pin To Net: NetName=GND Pin=J3-3
Added Pin To Net: NetName=GND Pin=J4-3
Added Pin To Net: NetName=GND Pin=JDC1-2
Added Pin To Net: NetName=GND Pin=JDC1-3
Added Pin To Net: NetName=GND Pin=Q3-3
Added Pin To Net: NetName=GND Pin=Q4-3
Added Pin To Net: NetName=GND Pin=Q5-3
Added Pin To Net: NetName=GND Pin=Q6-3
Added Pin To Net: NetName=GND Pin=R3-1
Added Pin To Net: NetName=GND Pin=R4-1
Added Pin To Net: NetName=GND Pin=U1-2
Added Pin To Net: NetName=GND Pin=VR1-3
Added Net: Name=GND
Added Pin To Net: NetName=HEAT Pin=A1-8
Added Pin To Net: NetName=HEAT Pin=Q1-2
Added Pin To Net: NetName=HEAT Pin=Q5-2
Added Pin To Net: NetName=HEAT Pin=R3-2
Added Net: Name=HEAT
Added Pin To Net: NetName=Net*1_1 Pin=*1-1
Added Pin To Net: NetName=Net*1_1 Pin=JDC1-1
Added Net: Name=Net*1_1
Added Pin To Net: NetName=Net*_3 Pin=*-3
Added Pin To Net: NetName=Net*_3 Pin=VR1-2
Added Net: Name=Net*_3
Added Pin To Net: NetName=Net*_4 Pin=*-4
Added Pin To Net: NetName=Net*_4 Pin=A1-23
Added Net: Name=Net*_4
Added Pin To Net: NetName=Net*_6 Pin=*-6
Added Pin To Net: NetName=Net*_6 Pin=A1-22
Added Net: Name=Net*_6
Added Pin To Net: NetName=Net*_11 Pin=*-11
Added Pin To Net: NetName=Net*_11 Pin=A1-21
Added Net: Name=Net*_11
Added Pin To Net: NetName=Net*_12 Pin=*-12
Added Pin To Net: NetName=Net*_12 Pin=A1-20
Added Net: Name=Net*_12
Added Pin To Net: NetName=Net*_13 Pin=*-13
Added Pin To Net: NetName=Net*_13 Pin=A1-19
Added Net: Name=Net*_13
Added Pin To Net: NetName=Net*_14 Pin=*-14
Added Pin To Net: NetName=Net*_14 Pin=A1-18
Added Net: Name=Net*_14
Added Pin To Net: NetName=NetJ1_2 Pin=J1-2
Added Pin To Net: NetName=NetJ1_2 Pin=Q3-2
Added Net: Name=NetJ1_2
Added Pin To Net: NetName=NetJ2_2 Pin=J2-2
Added Pin To Net: NetName=NetJ2_2 Pin=Q4-2
Added Net: Name=NetJ2_2
Added Pin To Net: NetName=NetQ1_1 Pin=Q1-1
Added Pin To Net: NetName=NetQ1_1 Pin=Q5-1
Added Pin To Net: NetName=NetQ1_1 Pin=R1-2
Added Net: Name=NetQ1_1
Added Pin To Net: NetName=NetQ2_1 Pin=Q2-1
Added Pin To Net: NetName=NetQ2_1 Pin=Q6-1
Added Pin To Net: NetName=NetQ2_1 Pin=R2-2
Added Net: Name=NetQ2_1
Added Pin To Net: NetName=NetQ3_1 Pin=Q3-1
Added Pin To Net: NetName=NetQ3_1 Pin=R1-1
Added Net: Name=NetQ3_1
Added Pin To Net: NetName=NetQ4_1 Pin=Q4-1
Added Pin To Net: NetName=NetQ4_1 Pin=R2-1
Added Net: Name=NetQ4_1
Added Pin To Net: NetName=RESET Pin=*-21
Added Pin To Net: NetName=RESET Pin=A1-27
Added Net: Name=RESET
Added Pin To Net: NetName=START Pin=*-19
Added Pin To Net: NetName=START Pin=A1-4
Added Pin To Net: NetName=START Pin=C3-1
Added Pin To Net: NetName=START Pin=R8-1
Added Net: Name=START
Added Pin To Net: NetName=VCC Pin=*-2
Added Pin To Net: NetName=VCC Pin=*-15
Added Pin To Net: NetName=VCC Pin=A1-26
Added Pin To Net: NetName=VCC Pin=C2-1
Added Pin To Net: NetName=VCC Pin=J3-1
Added Pin To Net: NetName=VCC Pin=J4-1
Added Pin To Net: NetName=VCC Pin=Q1-3
Added Pin To Net: NetName=VCC Pin=Q2-3
Added Pin To Net: NetName=VCC Pin=R5-2
Added Pin To Net: NetName=VCC Pin=R6-2
Added Pin To Net: NetName=VCC Pin=R8-2
Added Pin To Net: NetName=VCC Pin=U1-3
Added Pin To Net: NetName=VCC Pin=VR1-1
Added Net: Name=VCC
Added Class: Name=FUZZY_LOGIC_ARDUINO
Added Room: Name=FUZZY_LOGIC_ARDUINO
